
> robot-widget@1.0.0 start
> electron . --no-sandbox --disable-gpu-sandbox --enable-transparent-visuals --enable-logging

Gtk-Message: 20:27:27.006: Failed to load module "appmenu-gtk-module"
[160024:0228/202727.084532:ERROR:atom_cache.cc(229)] Add _NET_WM_WINDOW_TYPE_TOOLBAR to kAtomsToCache
[160024:0228/202727.129131:WARNING:bluez_dbus_manager.cc(248)] Floss manager not present, cannot set Floss enable/disable.
[160055:0228/202727.213254:WARNING:sandbox_linux.cc(418)] InitializeSandbox() called with multiple threads in process gpu-process.
[Protocol] Fetching: /home/bryanmax9/Desktop/Sunstone-Innovation-Challenge-2026/robot-widget/sci_fi_worker_robot_gltf/scene.gltf
[160024:0228/202727.744977:INFO:CONSOLE(2)] "%cElectron Security Warning (Disabled webSecurity) font-weight: bold; This renderer process has "webSecurity" disabled. This
  exposes users of this app to severe security risks.

For more information and help, consult
https://electronjs.org/docs/tutorial/security.
This warning will not show up
once the app is packaged.", source: node:electron/js2c/renderer_init (2)
[160024:0228/202727.745743:INFO:CONSOLE(2)] "%cElectron Security Warning (allowRunningInsecureContent) font-weight: bold; This renderer process has "allowRunningInsecureContent"
  enabled. This exposes users of this app to severe security risks.

  
For more information and help, consult
https://electronjs.org/docs/tutorial/security.
This warning will not show up
once the app is packaged.", source: node:electron/js2c/renderer_init (2)
[160024:0228/202727.745814:INFO:CONSOLE(2)] "%cElectron Security Warning (Insecure Content-Security-Policy) font-weight: bold; This renderer process has either no Content Security
  Policy set or a policy with "unsafe-eval" enabled. This exposes users of
  this app to unnecessary security risks.

For more information and help, consult
https://electronjs.org/docs/tutorial/security.
This warning will not show up
once the app is packaged.", source: node:electron/js2c/renderer_init (2)
[Protocol] Fetching: /home/bryanmax9/Desktop/Sunstone-Innovation-Challenge-2026/robot-widget/sci_fi_worker_robot_gltf/scene.bin
[Protocol] Fetching: /home/bryanmax9/Desktop/Sunstone-Innovation-Challenge-2026/robot-widget/sci_fi_worker_robot_gltf/textures/Ground_metallicRoughness.jpeg
[Protocol] Fetching: /home/bryanmax9/Desktop/Sunstone-Innovation-Challenge-2026/robot-widget/sci_fi_worker_robot_gltf/textures/Ground_normal.jpeg
[Protocol] Fetching: /home/bryanmax9/Desktop/Sunstone-Innovation-Challenge-2026/robot-widget/sci_fi_worker_robot_gltf/textures/Wall_metallicRoughness.jpeg
[Protocol] Fetching: /home/bryanmax9/Desktop/Sunstone-Innovation-Challenge-2026/robot-widget/sci_fi_worker_robot_gltf/textures/Wall_normal.jpeg
[Protocol] Fetching: /home/bryanmax9/Desktop/Sunstone-Innovation-Challenge-2026/robot-widget/sci_fi_worker_robot_gltf/textures/Metal_metallicRoughness.jpeg
[160024:0228/202727.969118:INFO:CONSOLE(127)] "✅ Robot model loaded", source: file:///home/bryanmax9/Desktop/Sunstone-Innovation-Challenge-2026/robot-widget/renderer.js (127)
